# JRE version: OpenJDK Runtime Environment (8.0_152-b02) (build 1.8.0_152-release-1024-b02)
# Java VM: OpenJDK 64-Bit Server VM (25.152-b02 mixed mode windows-amd64 compressed oops)
Heap:
 PSYoungGen      total 408576K, used 116569K [0x00000000e0000000, 0x0000000100000000, 0x0000000100000000)
  eden space 330752K, 26% used [0x00000000e0000000,0x00000000e541ba40,0x00000000f4300000)
  from space 77824K, 39% used [0x00000000fb400000,0x00000000fd1bac20,0x0000000100000000)
  to   space 96768K, 0% used [0x00000000f4300000,0x00000000f4300000,0x00000000fa180000)
 ParOldGen       total 339968K, used 264596K [0x00000000a0000000, 0x00000000b4c00000, 0x00000000e0000000)
  object space 339968K, 77% used [0x00000000a0000000,0x00000000b02651a8,0x00000000b4c00000)
 Metaspace       used 101935K, capacity 108880K, committed 109696K, reserved 1144832K
  class space    used 12508K, capacity 13811K, committed 13952K, reserved 1048576K
GC Heap History (10 events):
Event: 4151.364 GC heap before
{Heap before GC invocations=67 (full 4):
 PSYoungGen      total 457728K, used 420411K [0x00000000e0000000, 0x00000000ff680000, 0x0000000100000000)
  eden space 413184K, 100% used [0x00000000e0000000,0x00000000f9380000,0x00000000f9380000)
  from space 44544K, 16% used [0x00000000fcb00000,0x00000000fd20ef10,0x00000000ff680000)
  to   space 50688K, 0% used [0x00000000f9380000,0x00000000f9380000,0x00000000fc500000)
 ParOldGen       total 211968K, used 171464K [0x00000000a0000000, 0x00000000acf00000, 0x00000000e0000000)
  object space 211968K, 80% used [0x00000000a0000000,0x00000000aa772130,0x00000000acf00000)
 Metaspace       used 102112K, capacity 109350K, committed 109440K, reserved 1144832K
  class space    used 12567K, capacity 13916K, committed 13952K, reserved 1048576K
Event: 4151.372 GC heap after
Heap after GC invocations=67 (full 4):
 PSYoungGen      total 463872K, used 416K [0x00000000e0000000, 0x0000000100000000, 0x0000000100000000)
  eden space 413184K, 0% used [0x00000000e0000000,0x00000000e0000000,0x00000000f9380000)
  from space 50688K, 0% used [0x00000000f9380000,0x00000000f93e8000,0x00000000fc500000)
  to   space 48640K, 0% used [0x00000000fd080000,0x00000000fd080000,0x0000000100000000)
 ParOldGen       total 211968K, used 171480K [0x00000000a0000000, 0x00000000acf00000, 0x00000000e0000000)
  object space 211968K, 80% used [0x00000000a0000000,0x00000000aa776130,0x00000000acf00000)
 Metaspace       used 102112K, capacity 109350K, committed 109440K, reserved 1144832K
  class space    used 12567K, capacity 13916K, committed 13952K, reserved 1048576K
}
Event: 4155.513 GC heap before
{Heap before GC invocations=68 (full 4):
 PSYoungGen      total 463872K, used 413600K [0x00000000e0000000, 0x0000000100000000, 0x0000000100000000)
  eden space 413184K, 100% used [0x00000000e0000000,0x00000000f9380000,0x00000000f9380000)
  from space 50688K, 0% used [0x00000000f9380000,0x00000000f93e8000,0x00000000fc500000)
  to   space 48640K, 0% used [0x00000000fd080000,0x00000000fd080000,0x0000000100000000)
 ParOldGen       total 211968K, used 171480K [0x00000000a0000000, 0x00000000acf00000, 0x00000000e0000000)
  object space 211968K, 80% used [0x00000000a0000000,0x00000000aa776130,0x00000000acf00000)
 Metaspace       used 102175K, capacity 109426K, committed 109696K, reserved 1144832K
  class space    used 12569K, capacity 13916K, committed 13952K, reserved 1048576K
Event: 4156.135 GC heap after
Heap after GC invocations=68 (full 4):
 PSYoungGen      total 417280K, used 48622K [0x00000000e0000000, 0x0000000100000000, 0x0000000100000000)
  eden space 368640K, 0% used [0x00000000e0000000,0x00000000e0000000,0x00000000f6800000)
  from space 48640K, 99% used [0x00000000fd080000,0x00000000ffffbbe8,0x0000000100000000)
  to   space 77824K, 0% used [0x00000000f6800000,0x00000000f6800000,0x00000000fb400000)
 ParOldGen       total 222208K, used 221979K [0x00000000a0000000, 0x00000000ad900000, 0x00000000e0000000)
  object space 222208K, 99% used [0x00000000a0000000,0x00000000ad8c6fa8,0x00000000ad900000)
 Metaspace       used 102175K, capacity 109426K, committed 109696K, reserved 1144832K
  class space    used 12569K, capacity 13916K, committed 13952K, reserved 1048576K
}
Event: 4156.135 GC heap before
{Heap before GC invocations=69 (full 5):
 PSYoungGen      total 417280K, used 48622K [0x00000000e0000000, 0x0000000100000000, 0x0000000100000000)
  eden space 368640K, 0% used [0x00000000e0000000,0x00000000e0000000,0x00000000f6800000)
  from space 48640K, 99% used [0x00000000fd080000,0x00000000ffffbbe8,0x0000000100000000)
  to   space 77824K, 0% used [0x00000000f6800000,0x00000000f6800000,0x00000000fb400000)
 ParOldGen       total 222208K, used 221979K [0x00000000a0000000, 0x00000000ad900000, 0x00000000e0000000)
  object space 222208K, 99% used [0x00000000a0000000,0x00000000ad8c6fa8,0x00000000ad900000)
 Metaspace       used 102175K, capacity 109426K, committed 109696K, reserved 1144832K
  class space    used 12569K, capacity 13916K, committed 13952K, reserved 1048576K
Event: 4157.612 GC heap after
Heap after GC invocations=69 (full 5):
 PSYoungGen      total 417280K, used 0K [0x00000000e0000000, 0x0000000100000000, 0x0000000100000000)
  eden space 368640K, 0% used [0x00000000e0000000,0x00000000e0000000,0x00000000f6800000)
  from space 48640K, 0% used [0x00000000fd080000,0x00000000fd080000,0x0000000100000000)
  to   space 77824K, 0% used [0x00000000f6800000,0x00000000f6800000,0x00000000fb400000)
 ParOldGen       total 339968K, used 183374K [0x00000000a0000000, 0x00000000b4c00000, 0x00000000e0000000)
  object space 339968K, 53% used [0x00000000a0000000,0x00000000ab3139f0,0x00000000b4c00000)
 Metaspace       used 101660K, capacity 108374K, committed 109696K, reserved 1144832K
  class space    used 12470K, capacity 13730K, committed 13952K, reserved 1048576K
}
Event: 4159.831 GC heap before
{Heap before GC invocations=70 (full 5):
 PSYoungGen      total 417280K, used 368640K [0x00000000e0000000, 0x0000000100000000, 0x0000000100000000)
  eden space 368640K, 100% used [0x00000000e0000000,0x00000000f6800000,0x00000000f6800000)
  from space 48640K, 0% used [0x00000000fd080000,0x00000000fd080000,0x0000000100000000)
  to   space 77824K, 0% used [0x00000000f6800000,0x00000000f6800000,0x00000000fb400000)
 ParOldGen       total 339968K, used 183374K [0x00000000a0000000, 0x00000000b4c00000, 0x00000000e0000000)
  object space 339968K, 53% used [0x00000000a0000000,0x00000000ab3139f0,0x00000000b4c00000)
 Metaspace       used 101669K, capacity 108374K, committed 109696K, reserved 1144832K
  class space    used 12470K, capacity 13730K, committed 13952K, reserved 1048576K
Event: 4159.909 GC heap after
Heap after GC invocations=70 (full 5):
 PSYoungGen      total 446464K, used 77810K [0x00000000e0000000, 0x0000000100000000, 0x0000000100000000)
  eden space 368640K, 0% used [0x00000000e0000000,0x00000000e0000000,0x00000000f6800000)
  from space 77824K, 99% used [0x00000000f6800000,0x00000000fb3fcaf8,0x00000000fb400000)
  to   space 77824K, 0% used [0x00000000fb400000,0x00000000fb400000,0x0000000100000000)
 ParOldGen       total 339968K, used 209747K [0x00000000a0000000, 0x00000000b4c00000, 0x00000000e0000000)
  object space 339968K, 61% used [0x00000000a0000000,0x00000000accd4e50,0x00000000b4c00000)
 Metaspace       used 101669K, capacity 108374K, committed 109696K, reserved 1144832K
  class space    used 12470K, capacity 13730K, committed 13952K, reserved 1048576K
}
Event: 4206.594 GC heap before
{Heap before GC invocations=71 (full 5):
 PSYoungGen      total 446464K, used 446450K [0x00000000e0000000, 0x0000000100000000, 0x0000000100000000)
  eden space 368640K, 100% used [0x00000000e0000000,0x00000000f6800000,0x00000000f6800000)
  from space 77824K, 99% used [0x00000000f6800000,0x00000000fb3fcaf8,0x00000000fb400000)
  to   space 77824K, 0% used [0x00000000fb400000,0x00000000fb400000,0x0000000100000000)
 ParOldGen       total 339968K, used 209747K [0x00000000a0000000, 0x00000000b4c00000, 0x00000000e0000000)
  object space 339968K, 61% used [0x00000000a0000000,0x00000000accd4e50,0x00000000b4c00000)
 Metaspace       used 101931K, capacity 108880K, committed 109696K, reserved 1144832K
  class space    used 12508K, capacity 13811K, committed 13952K, reserved 1048576K
Event: 4206.669 GC heap after
Heap after GC invocations=71 (full 5):
 PSYoungGen      total 408576K, used 30443K [0x00000000e0000000, 0x0000000100000000, 0x0000000100000000)
  eden space 330752K, 0% used [0x00000000e0000000,0x00000000e0000000,0x00000000f4300000)
  from space 77824K, 39% used [0x00000000fb400000,0x00000000fd1bac20,0x0000000100000000)
  to   space 96768K, 0% used [0x00000000f4300000,0x00000000f4300000,0x00000000fa180000)
 ParOldGen       total 339968K, used 264596K [0x00000000a0000000, 0x00000000b4c00000, 0x00000000e0000000)
  object space 339968K, 77% used [0x00000000a0000000,0x00000000b02651a8,0x00000000b4c00000)
 Metaspace       used 101931K, capacity 108880K, committed 109696K, reserved 1144832K
  class space    used 12508K, capacity 13811K, committed 13952K, reserved 1048576K
}

