# JRE version: OpenJDK Runtime Environment (8.0_152-b02) (build 1.8.0_152-release-1024-b02)
# Java VM: OpenJDK 64-Bit Server VM (25.152-b02 mixed mode windows-amd64 compressed oops)
Heap:
 PSYoungGen      total 429056K, used 319583K [0x00000000e0000000, 0x0000000100000000, 0x0000000100000000)
  eden space 335872K, 94% used [0x00000000e0000000,0x00000000f370fec0,0x00000000f4800000)
  from space 93184K, 1% used [0x00000000fa200000,0x00000000fa308000,0x00000000ffd00000)
  to   space 92160K, 0% used [0x00000000f4800000,0x00000000f4800000,0x00000000fa200000)
 ParOldGen       total 202240K, used 101307K [0x00000000a0000000, 0x00000000ac580000, 0x00000000e0000000)
  object space 202240K, 50% used [0x00000000a0000000,0x00000000a62eec70,0x00000000ac580000)
 Metaspace       used 98858K, capacity 105028K, committed 106584K, reserved 1142784K
  class space    used 12143K, capacity 13294K, committed 13696K, reserved 1048576K
GC Heap History (10 events):
Event: 8145.558 GC heap before
{Heap before GC invocations=55 (full 4):
 PSYoungGen      total 429568K, used 349467K [0x00000000e0000000, 0x0000000100000000, 0x0000000100000000)
  eden space 335360K, 100% used [0x00000000e0000000,0x00000000f4780000,0x00000000f4780000)
  from space 94208K, 14% used [0x00000000fa300000,0x00000000fb0c6ee8,0x00000000fff00000)
  to   space 93696K, 0% used [0x00000000f4780000,0x00000000f4780000,0x00000000fa300000)
 ParOldGen       total 202240K, used 173530K [0x00000000a0000000, 0x00000000ac580000, 0x00000000e0000000)
  object space 202240K, 85% used [0x00000000a0000000,0x00000000aa9769f8,0x00000000ac580000)
 Metaspace       used 99237K, capacity 106522K, committed 106584K, reserved 1142784K
  class space    used 12269K, capacity 13675K, committed 13696K, reserved 1048576K
Event: 8145.592 GC heap after
Heap after GC invocations=55 (full 4):
 PSYoungGen      total 429056K, used 4200K [0x00000000e0000000, 0x0000000100000000, 0x0000000100000000)
  eden space 335360K, 0% used [0x00000000e0000000,0x00000000e0000000,0x00000000f4780000)
  from space 93696K, 4% used [0x00000000f4780000,0x00000000f4b9a070,0x00000000fa300000)
  to   space 94720K, 0% used [0x00000000fa380000,0x00000000fa380000,0x0000000100000000)
 ParOldGen       total 202240K, used 173690K [0x00000000a0000000, 0x00000000ac580000, 0x00000000e0000000)
  object space 202240K, 85% used [0x00000000a0000000,0x00000000aa99e9f8,0x00000000ac580000)
 Metaspace       used 99237K, capacity 106522K, committed 106584K, reserved 1142784K
  class space    used 12269K, capacity 13675K, committed 13696K, reserved 1048576K
}
Event: 8146.330 GC heap before
{Heap before GC invocations=56 (full 4):
 PSYoungGen      total 429056K, used 339560K [0x00000000e0000000, 0x0000000100000000, 0x0000000100000000)
  eden space 335360K, 100% used [0x00000000e0000000,0x00000000f4780000,0x00000000f4780000)
  from space 93696K, 4% used [0x00000000f4780000,0x00000000f4b9a070,0x00000000fa300000)
  to   space 94720K, 0% used [0x00000000fa380000,0x00000000fa380000,0x0000000100000000)
 ParOldGen       total 202240K, used 173690K [0x00000000a0000000, 0x00000000ac580000, 0x00000000e0000000)
  object space 202240K, 85% used [0x00000000a0000000,0x00000000aa99e9f8,0x00000000ac580000)
 Metaspace       used 99253K, capacity 106524K, committed 106584K, reserved 1142784K
  class space    used 12270K, capacity 13676K, committed 13696K, reserved 1048576K
Event: 8146.341 GC heap after
Heap after GC invocations=56 (full 4):
 PSYoungGen      total 429568K, used 1184K [0x00000000e0000000, 0x0000000100000000, 0x0000000100000000)
  eden space 334848K, 0% used [0x00000000e0000000,0x00000000e0000000,0x00000000f4700000)
  from space 94720K, 1% used [0x00000000fa380000,0x00000000fa4a8000,0x0000000100000000)
  to   space 94720K, 0% used [0x00000000f4700000,0x00000000f4700000,0x00000000fa380000)
 ParOldGen       total 202240K, used 173778K [0x00000000a0000000, 0x00000000ac580000, 0x00000000e0000000)
  object space 202240K, 85% used [0x00000000a0000000,0x00000000aa9b49f8,0x00000000ac580000)
 Metaspace       used 99253K, capacity 106524K, committed 106584K, reserved 1142784K
  class space    used 12270K, capacity 13676K, committed 13696K, reserved 1048576K
}
Event: 8147.241 GC heap before
{Heap before GC invocations=57 (full 5):
 PSYoungGen      total 429568K, used 336032K [0x00000000e0000000, 0x0000000100000000, 0x0000000100000000)
  eden space 334848K, 100% used [0x00000000e0000000,0x00000000f4700000,0x00000000f4700000)
  from space 94720K, 1% used [0x00000000fa380000,0x00000000fa4a8000,0x0000000100000000)
  to   space 94720K, 0% used [0x00000000f4700000,0x00000000f4700000,0x00000000fa380000)
 ParOldGen       total 202240K, used 200376K [0x00000000a0000000, 0x00000000ac580000, 0x00000000e0000000)
  object space 202240K, 99% used [0x00000000a0000000,0x00000000ac3ae060,0x00000000ac580000)
 Metaspace       used 99280K, capacity 106528K, committed 106584K, reserved 1142784K
  class space    used 12270K, capacity 13676K, committed 13696K, reserved 1048576K
Event: 8147.558 GC heap after
Heap after GC invocations=57 (full 5):
 PSYoungGen      total 429568K, used 0K [0x00000000e0000000, 0x0000000100000000, 0x0000000100000000)
  eden space 334848K, 0% used [0x00000000e0000000,0x00000000e0000000,0x00000000f4700000)
  from space 94720K, 0% used [0x00000000fa380000,0x00000000fa380000,0x0000000100000000)
  to   space 94720K, 0% used [0x00000000f4700000,0x00000000f4700000,0x00000000fa380000)
 ParOldGen       total 202240K, used 100185K [0x00000000a0000000, 0x00000000ac580000, 0x00000000e0000000)
  object space 202240K, 49% used [0x00000000a0000000,0x00000000a61d67d8,0x00000000ac580000)
 Metaspace       used 98709K, capacity 104836K, committed 106584K, reserved 1142784K
  class space    used 12129K, capacity 13294K, committed 13696K, reserved 1048576K
}
Event: 8148.375 GC heap before
{Heap before GC invocations=58 (full 5):
 PSYoungGen      total 429568K, used 334848K [0x00000000e0000000, 0x0000000100000000, 0x0000000100000000)
  eden space 334848K, 100% used [0x00000000e0000000,0x00000000f4700000,0x00000000f4700000)
  from space 94720K, 0% used [0x00000000fa380000,0x00000000fa380000,0x0000000100000000)
  to   space 94720K, 0% used [0x00000000f4700000,0x00000000f4700000,0x00000000fa380000)
 ParOldGen       total 202240K, used 100188K [0x00000000a0000000, 0x00000000ac580000, 0x00000000e0000000)
  object space 202240K, 49% used [0x00000000a0000000,0x00000000a61d70e8,0x00000000ac580000)
 Metaspace       used 98806K, capacity 104964K, committed 106584K, reserved 1142784K
  class space    used 12143K, capacity 13294K, committed 13696K, reserved 1048576K
Event: 8148.381 GC heap after
Heap after GC invocations=58 (full 5):
 PSYoungGen      total 340480K, used 5344K [0x00000000e0000000, 0x00000000ffd00000, 0x0000000100000000)
  eden space 334848K, 0% used [0x00000000e0000000,0x00000000e0000000,0x00000000f4700000)
  from space 5632K, 94% used [0x00000000f4700000,0x00000000f4c38000,0x00000000f4c80000)
  to   space 93184K, 0% used [0x00000000fa200000,0x00000000fa200000,0x00000000ffd00000)
 ParOldGen       total 202240K, used 100196K [0x00000000a0000000, 0x00000000ac580000, 0x00000000e0000000)
  object space 202240K, 49% used [0x00000000a0000000,0x00000000a61d90e8,0x00000000ac580000)
 Metaspace       used 98806K, capacity 104964K, committed 106584K, reserved 1142784K
  class space    used 12143K, capacity 13294K, committed 13696K, reserved 1048576K
}
Event: 8149.064 GC heap before
{Heap before GC invocations=59 (full 5):
 PSYoungGen      total 340480K, used 340192K [0x00000000e0000000, 0x00000000ffd00000, 0x0000000100000000)
  eden space 334848K, 100% used [0x00000000e0000000,0x00000000f4700000,0x00000000f4700000)
  from space 5632K, 94% used [0x00000000f4700000,0x00000000f4c38000,0x00000000f4c80000)
  to   space 93184K, 0% used [0x00000000fa200000,0x00000000fa200000,0x00000000ffd00000)
 ParOldGen       total 202240K, used 100196K [0x00000000a0000000, 0x00000000ac580000, 0x00000000e0000000)
  object space 202240K, 49% used [0x00000000a0000000,0x00000000a61d90e8,0x00000000ac580000)
 Metaspace       used 98842K, capacity 105028K, committed 106584K, reserved 1142784K
  class space    used 12143K, capacity 13294K, committed 13696K, reserved 1048576K
Event: 8149.073 GC heap after
Heap after GC invocations=59 (full 5):
 PSYoungGen      total 429056K, used 1056K [0x00000000e0000000, 0x0000000100000000, 0x0000000100000000)
  eden space 335872K, 0% used [0x00000000e0000000,0x00000000e0000000,0x00000000f4800000)
  from space 93184K, 1% used [0x00000000fa200000,0x00000000fa308000,0x00000000ffd00000)
  to   space 92160K, 0% used [0x00000000f4800000,0x00000000f4800000,0x00000000fa200000)
 ParOldGen       total 202240K, used 101307K [0x00000000a0000000, 0x00000000ac580000, 0x00000000e0000000)
  object space 202240K, 50% used [0x00000000a0000000,0x00000000a62eec70,0x00000000ac580000)
 Metaspace       used 98842K, capacity 105028K, committed 106584K, reserved 1142784K
  class space    used 12143K, capacity 13294K, committed 13696K, reserved 1048576K
}

